Copyright 1986-2019 Xilinx, Inc. All Rights Reserved.
--------------------------------------------------------------------------------------------------------------------------------------------------------
| Tool Version : Vivado v.2019.1 (win64) Build 2552052 Fri May 24 14:49:42 MDT 2019
| Date         : Fri Jan 31 00:41:36 2020
| Host         : DESKTOP-B9VTF8U running 64-bit major release  (build 9200)
| Command      : report_methodology -file cordic_methodology_drc_routed.rpt -pb cordic_methodology_drc_routed.pb -rpx cordic_methodology_drc_routed.rpx
| Design       : cordic
| Device       : xc7z010clg400-3
| Speed File   : -3
| Design State : Fully Routed
--------------------------------------------------------------------------------------------------------------------------------------------------------

Report Methodology

Table of Contents
-----------------
1. REPORT SUMMARY
2. REPORT DETAILS

1. REPORT SUMMARY
-----------------
            Netlist: netlist
          Floorplan: checkpoint_cordic
      Design limits: <entire design considered>
             Max violations: <unlimited>
             Violations found: 67
+-----------+------------------+-------------------------------+------------+
| Rule      | Severity         | Description                   | Violations |
+-----------+------------------+-------------------------------+------------+
| TIMING-17 | Critical Warning | Non-clocked sequential cell   | 4          |
| TIMING-18 | Warning          | Missing input or output delay | 63         |
+-----------+------------------+-------------------------------+------------+

2. REPORT DETAILS
-----------------
TIMING-17#1 Critical Warning
Non-clocked sequential cell  
The clock pin PRE_ROT/phase_offset_reg[14]/C is not reached by a timing clock
Related violations: <none>

TIMING-17#2 Critical Warning
Non-clocked sequential cell  
The clock pin PRE_ROT/phase_offset_reg[15]/C is not reached by a timing clock
Related violations: <none>

TIMING-17#3 Critical Warning
Non-clocked sequential cell  
The clock pin PRE_ROT/phase_offset_reg[3]/C is not reached by a timing clock
Related violations: <none>

TIMING-17#4 Critical Warning
Non-clocked sequential cell  
The clock pin PRE_ROT/y_out_reg/C is not reached by a timing clock
Related violations: <none>

TIMING-18#1 Warning
Missing input or output delay  
An input delay is missing on rst relative to clock(s) CORDIC_clk
Related violations: <none>

TIMING-18#2 Warning
Missing input or output delay  
An input delay is missing on x_in[0] relative to clock(s) CORDIC_clk
Related violations: <none>

TIMING-18#3 Warning
Missing input or output delay  
An input delay is missing on x_in[10] relative to clock(s) CORDIC_clk
Related violations: <none>

TIMING-18#4 Warning
Missing input or output delay  
An input delay is missing on x_in[11] relative to clock(s) CORDIC_clk
Related violations: <none>

TIMING-18#5 Warning
Missing input or output delay  
An input delay is missing on x_in[12] relative to clock(s) CORDIC_clk
Related violations: <none>

TIMING-18#6 Warning
Missing input or output delay  
An input delay is missing on x_in[13] relative to clock(s) CORDIC_clk
Related violations: <none>

TIMING-18#7 Warning
Missing input or output delay  
An input delay is missing on x_in[14] relative to clock(s) CORDIC_clk
Related violations: <none>

TIMING-18#8 Warning
Missing input or output delay  
An input delay is missing on x_in[1] relative to clock(s) CORDIC_clk
Related violations: <none>

TIMING-18#9 Warning
Missing input or output delay  
An input delay is missing on x_in[2] relative to clock(s) CORDIC_clk
Related violations: <none>

TIMING-18#10 Warning
Missing input or output delay  
An input delay is missing on x_in[3] relative to clock(s) CORDIC_clk
Related violations: <none>

TIMING-18#11 Warning
Missing input or output delay  
An input delay is missing on x_in[4] relative to clock(s) CORDIC_clk
Related violations: <none>

TIMING-18#12 Warning
Missing input or output delay  
An input delay is missing on x_in[5] relative to clock(s) CORDIC_clk
Related violations: <none>

TIMING-18#13 Warning
Missing input or output delay  
An input delay is missing on x_in[6] relative to clock(s) CORDIC_clk
Related violations: <none>

TIMING-18#14 Warning
Missing input or output delay  
An input delay is missing on x_in[7] relative to clock(s) CORDIC_clk
Related violations: <none>

TIMING-18#15 Warning
Missing input or output delay  
An input delay is missing on x_in[8] relative to clock(s) CORDIC_clk
Related violations: <none>

TIMING-18#16 Warning
Missing input or output delay  
An input delay is missing on x_in[9] relative to clock(s) CORDIC_clk
Related violations: <none>

TIMING-18#17 Warning
Missing input or output delay  
An input delay is missing on y_in[0] relative to clock(s) CORDIC_clk
Related violations: <none>

TIMING-18#18 Warning
Missing input or output delay  
An input delay is missing on y_in[10] relative to clock(s) CORDIC_clk
Related violations: <none>

TIMING-18#19 Warning
Missing input or output delay  
An input delay is missing on y_in[11] relative to clock(s) CORDIC_clk
Related violations: <none>

TIMING-18#20 Warning
Missing input or output delay  
An input delay is missing on y_in[12] relative to clock(s) CORDIC_clk
Related violations: <none>

TIMING-18#21 Warning
Missing input or output delay  
An input delay is missing on y_in[13] relative to clock(s) CORDIC_clk
Related violations: <none>

TIMING-18#22 Warning
Missing input or output delay  
An input delay is missing on y_in[14] relative to clock(s) CORDIC_clk
Related violations: <none>

TIMING-18#23 Warning
Missing input or output delay  
An input delay is missing on y_in[1] relative to clock(s) CORDIC_clk
Related violations: <none>

TIMING-18#24 Warning
Missing input or output delay  
An input delay is missing on y_in[2] relative to clock(s) CORDIC_clk
Related violations: <none>

TIMING-18#25 Warning
Missing input or output delay  
An input delay is missing on y_in[3] relative to clock(s) CORDIC_clk
Related violations: <none>

TIMING-18#26 Warning
Missing input or output delay  
An input delay is missing on y_in[4] relative to clock(s) CORDIC_clk
Related violations: <none>

TIMING-18#27 Warning
Missing input or output delay  
An input delay is missing on y_in[5] relative to clock(s) CORDIC_clk
Related violations: <none>

TIMING-18#28 Warning
Missing input or output delay  
An input delay is missing on y_in[6] relative to clock(s) CORDIC_clk
Related violations: <none>

TIMING-18#29 Warning
Missing input or output delay  
An input delay is missing on y_in[7] relative to clock(s) CORDIC_clk
Related violations: <none>

TIMING-18#30 Warning
Missing input or output delay  
An input delay is missing on y_in[8] relative to clock(s) CORDIC_clk
Related violations: <none>

TIMING-18#31 Warning
Missing input or output delay  
An input delay is missing on y_in[9] relative to clock(s) CORDIC_clk
Related violations: <none>

TIMING-18#32 Warning
Missing input or output delay  
An output delay is missing on phase[0] relative to clock(s) CORDIC_clk
Related violations: <none>

TIMING-18#33 Warning
Missing input or output delay  
An output delay is missing on phase[10] relative to clock(s) CORDIC_clk
Related violations: <none>

TIMING-18#34 Warning
Missing input or output delay  
An output delay is missing on phase[11] relative to clock(s) CORDIC_clk
Related violations: <none>

TIMING-18#35 Warning
Missing input or output delay  
An output delay is missing on phase[12] relative to clock(s) CORDIC_clk
Related violations: <none>

TIMING-18#36 Warning
Missing input or output delay  
An output delay is missing on phase[13] relative to clock(s) CORDIC_clk
Related violations: <none>

TIMING-18#37 Warning
Missing input or output delay  
An output delay is missing on phase[14] relative to clock(s) CORDIC_clk
Related violations: <none>

TIMING-18#38 Warning
Missing input or output delay  
An output delay is missing on phase[15] relative to clock(s) CORDIC_clk
Related violations: <none>

TIMING-18#39 Warning
Missing input or output delay  
An output delay is missing on phase[1] relative to clock(s) CORDIC_clk
Related violations: <none>

TIMING-18#40 Warning
Missing input or output delay  
An output delay is missing on phase[2] relative to clock(s) CORDIC_clk
Related violations: <none>

TIMING-18#41 Warning
Missing input or output delay  
An output delay is missing on phase[3] relative to clock(s) CORDIC_clk
Related violations: <none>

TIMING-18#42 Warning
Missing input or output delay  
An output delay is missing on phase[4] relative to clock(s) CORDIC_clk
Related violations: <none>

TIMING-18#43 Warning
Missing input or output delay  
An output delay is missing on phase[5] relative to clock(s) CORDIC_clk
Related violations: <none>

TIMING-18#44 Warning
Missing input or output delay  
An output delay is missing on phase[6] relative to clock(s) CORDIC_clk
Related violations: <none>

TIMING-18#45 Warning
Missing input or output delay  
An output delay is missing on phase[7] relative to clock(s) CORDIC_clk
Related violations: <none>

TIMING-18#46 Warning
Missing input or output delay  
An output delay is missing on phase[8] relative to clock(s) CORDIC_clk
Related violations: <none>

TIMING-18#47 Warning
Missing input or output delay  
An output delay is missing on phase[9] relative to clock(s) CORDIC_clk
Related violations: <none>

TIMING-18#48 Warning
Missing input or output delay  
An output delay is missing on radius[0] relative to clock(s) CORDIC_clk
Related violations: <none>

TIMING-18#49 Warning
Missing input or output delay  
An output delay is missing on radius[10] relative to clock(s) CORDIC_clk
Related violations: <none>

TIMING-18#50 Warning
Missing input or output delay  
An output delay is missing on radius[11] relative to clock(s) CORDIC_clk
Related violations: <none>

TIMING-18#51 Warning
Missing input or output delay  
An output delay is missing on radius[12] relative to clock(s) CORDIC_clk
Related violations: <none>

TIMING-18#52 Warning
Missing input or output delay  
An output delay is missing on radius[13] relative to clock(s) CORDIC_clk
Related violations: <none>

TIMING-18#53 Warning
Missing input or output delay  
An output delay is missing on radius[14] relative to clock(s) CORDIC_clk
Related violations: <none>

TIMING-18#54 Warning
Missing input or output delay  
An output delay is missing on radius[15] relative to clock(s) CORDIC_clk
Related violations: <none>

TIMING-18#55 Warning
Missing input or output delay  
An output delay is missing on radius[1] relative to clock(s) CORDIC_clk
Related violations: <none>

TIMING-18#56 Warning
Missing input or output delay  
An output delay is missing on radius[2] relative to clock(s) CORDIC_clk
Related violations: <none>

TIMING-18#57 Warning
Missing input or output delay  
An output delay is missing on radius[3] relative to clock(s) CORDIC_clk
Related violations: <none>

TIMING-18#58 Warning
Missing input or output delay  
An output delay is missing on radius[4] relative to clock(s) CORDIC_clk
Related violations: <none>

TIMING-18#59 Warning
Missing input or output delay  
An output delay is missing on radius[5] relative to clock(s) CORDIC_clk
Related violations: <none>

TIMING-18#60 Warning
Missing input or output delay  
An output delay is missing on radius[6] relative to clock(s) CORDIC_clk
Related violations: <none>

TIMING-18#61 Warning
Missing input or output delay  
An output delay is missing on radius[7] relative to clock(s) CORDIC_clk
Related violations: <none>

TIMING-18#62 Warning
Missing input or output delay  
An output delay is missing on radius[8] relative to clock(s) CORDIC_clk
Related violations: <none>

TIMING-18#63 Warning
Missing input or output delay  
An output delay is missing on radius[9] relative to clock(s) CORDIC_clk
Related violations: <none>


